2025-11-26T21:12:18.004+0800	INFO	mysql connect success
2025-11-26T21:12:34.086+0800	ERROR	SignUpHandler bind json failed	{"error": "Key: 'ParamsSignUp.Username' Error:Field validation for 'Username' failed on the 'required' tag"}
2025-11-26T21:16:56.249+0800	INFO	mysql connect success
2025-11-26T21:17:14.328+0800	ERROR	login failed	{"error": "用户名不存在"}
2025-11-26T21:17:21.858+0800	ERROR	login failed	{"error": "密码错误"}
2025-11-26T21:17:36.973+0800	ERROR	login failed	{"error": "密码错误"}
2025-11-26T22:27:33.125+0800	INFO	mysql connect success
2025-11-26T22:27:48.867+0800	ERROR	login failed	{"username": "jachow", "error": "密码错误"}
2025-11-26T22:31:01.389+0800	ERROR	login failed	{"username": "jachow", "error": "密码错误"}
2025-11-26T22:31:06.090+0800	ERROR	login failed	{"username": "ja1chow", "error": "用户名不存在"}
2025-11-26T22:51:14.539+0800	INFO	mysql connect success
2025-11-26T22:51:20.936+0800	ERROR	login failed	{"username": "ja1chow", "error": "用户名不存在"}
2025-11-26T22:51:31.353+0800	ERROR	login failed	{"username": "jachow", "error": "密码错误"}
2025-11-27T21:43:06.787+0800	ERROR	mysql connect failed	{"error": "Error 1045 (28000): Access denied for user 'root'@'localhost' (using password: YES)"}
2025-11-27T21:43:44.564+0800	ERROR	mysql connect failed	{"error": "dial tcp :0: connectex: The requested address is not valid in its context."}
2025-11-27T21:43:59.078+0800	INFO	mysql connect success
2025-11-27T21:44:25.773+0800	INFO	mysql connect success
2025-11-27T21:44:36.135+0800	INFO	mysql connect success
2025-11-27T21:46:24.777+0800	INFO	mysql connect success
2025-11-27T22:42:01.767+0800	INFO	mysql connect success
2025-11-27T22:42:07.293+0800	INFO	mysql connect success
2025-11-27T22:53:25.365+0800	INFO	mysql connect success
2025-11-27T22:54:20.424+0800	ERROR	404 Not Found	{"path": "/login"}
2025-11-27T22:55:37.537+0800	ERROR	mysql query community failed	{"error": "Error 1146 (42S02): Table 'godb.communities' doesn't exist"}
2025-11-27T22:57:49.927+0800	INFO	mysql connect success
2025-11-27T23:01:00.749+0800	INFO	mysql connect success
2025-11-27T23:01:09.382+0800	INFO	mysql connect success
2025-11-27T23:05:50.141+0800	INFO	mysql connect success
2025-11-27T23:06:01.550+0800	INFO	mysql connect success
2025-11-27T23:06:04.323+0800	INFO	mysql connect success
2025-11-27T23:21:00.913+0800	INFO	mysql connect success
2025-11-27T23:21:12.881+0800	ERROR	404 Not Found	{"path": "/community:1"}
2025-11-27T23:21:40.625+0800	ERROR	mysql query community failed	{"error": "record not found"}
2025-11-27T23:22:07.413+0800	INFO	mysql connect success
2025-11-27T23:22:18.347+0800	INFO	mysql connect success
2025-11-27T23:22:20.283+0800	ERROR	mysql query community failed	{"error": "record not found"}
2025-11-27T23:22:20.283+0800	ERROR	get community detail failed	{"error": "查询社区失败"}
2025-11-27T23:22:40.201+0800	INFO	mysql connect success
2025-11-27T23:22:52.367+0800	INFO	mysql connect success
2025-11-27T23:23:06.237+0800	INFO	mysql connect success
2025-11-27T23:24:00.017+0800	ERROR	mysql query community failed	{"error": "record not found"}
2025-11-27T23:24:00.017+0800	ERROR	get community detail failed	{"error": "查询社区失败"}
2025-11-27T23:24:33.199+0800	INFO	mysql connect success
2025-11-27T23:24:43.009+0800	INFO	mysql connect success
2025-11-27T23:24:49.907+0800	INFO	mysql connect success
2025-11-27T23:24:51.060+0800	ERROR	mysql query community failed	{"error": "record not found"}
2025-11-27T23:24:51.060+0800	ERROR	get community detail failed	{"error": "社区不存在"}
2025-11-27T23:25:22.817+0800	INFO	mysql connect success
2025-11-27T23:35:16.610+0800	INFO	mysql connect success
2025-11-27T23:35:19.169+0800	INFO	mysql connect success
2025-11-27T23:35:21.747+0800	INFO	mysql connect success
2025-11-27T23:35:23.503+0800	INFO	mysql connect success
2025-11-27T23:35:25.608+0800	INFO	mysql connect success
2025-11-27T23:35:27.270+0800	INFO	mysql connect success
2025-11-27T23:35:31.106+0800	INFO	mysql connect success
2025-11-27T23:35:40.051+0800	INFO	mysql connect success
2025-11-27T23:36:16.220+0800	INFO	mysql connect success
2025-11-27T23:36:21.388+0800	INFO	mysql connect success
2025-11-27T23:36:24.899+0800	INFO	mysql connect success
2025-11-27T23:36:31.083+0800	INFO	mysql connect success
2025-11-27T23:36:49.227+0800	INFO	mysql connect success
2025-11-27T23:36:52.352+0800	INFO	mysql connect success
2025-11-27T23:36:55.395+0800	INFO	mysql connect success
2025-11-27T23:36:56.349+0800	INFO	mysql connect success
2025-11-27T23:36:58.972+0800	INFO	mysql connect success
2025-11-27T23:37:02.071+0800	INFO	mysql connect success
2025-11-27T23:51:27.723+0800	INFO	mysql connect success
2025-11-27T23:51:27.939+0800	INFO	mysql connect success
2025-11-27T23:51:49.228+0800	INFO	mysql connect success
2025-11-27T23:51:52.605+0800	INFO	mysql connect success
2025-11-28T00:12:16.668+0800	INFO	mysql connect success
2025-11-28T00:12:22.088+0800	INFO	mysql connect success
2025-11-28T00:12:37.772+0800	INFO	mysql connect success
2025-11-28T00:12:41.931+0800	INFO	mysql connect success
2025-11-28T00:13:01.527+0800	INFO	mysql connect success
2025-11-28T00:13:10.516+0800	INFO	mysql connect success
2025-11-28T00:16:03.962+0800	INFO	mysql connect success
2025-11-28T00:16:14.536+0800	INFO	mysql connect success
2025-11-28T00:16:46.343+0800	INFO	mysql connect success
2025-11-28T00:16:47.813+0800	INFO	mysql connect success
2025-11-28T00:17:07.367+0800	INFO	mysql connect success
2025-11-28T00:17:21.759+0800	INFO	mysql connect success
2025-11-28T00:17:27.496+0800	INFO	mysql connect success
2025-11-28T00:17:38.693+0800	INFO	mysql connect success
2025-11-28T00:19:51.352+0800	ERROR	404 Not Found	{"path": "/api/v1/posts2"}
2025-11-28T00:19:57.142+0800	ERROR	404 Not Found	{"path": "/api/v1/posts2"}
2025-11-28T00:20:10.312+0800	ERROR	404 Not Found	{"path": "/api/v1/login"}
2025-11-28T00:20:13.021+0800	ERROR	404 Not Found	{"path": "/.well-known/appspecific/com.chrome.devtools.json"}
2025-11-28T00:20:53.477+0800	INFO	mysql connect success
2025-11-28T00:20:57.386+0800	INFO	mysql connect success
2025-11-28T00:21:02.696+0800	INFO	mysql connect success
2025-11-28T00:21:04.221+0800	INFO	mysql connect success
2025-11-28T00:21:07.385+0800	INFO	mysql connect success
2025-11-28T00:21:09.959+0800	INFO	mysql connect success
2025-11-28T00:21:28.314+0800	INFO	mysql connect success
2025-11-28T00:21:32.809+0800	INFO	mysql connect success
2025-11-28T00:21:36.346+0800	INFO	mysql connect success
2025-11-28T00:21:40.580+0800	INFO	mysql connect success
2025-11-28T00:21:41.604+0800	INFO	mysql connect success
2025-11-28T00:21:57.205+0800	INFO	mysql connect success
2025-11-28T00:22:00.256+0800	INFO	mysql connect success
2025-11-28T00:22:08.120+0800	INFO	mysql connect success
2025-11-28T00:22:08.972+0800	INFO	mysql connect success
2025-11-28T00:22:13.359+0800	INFO	mysql connect success
2025-11-28T00:22:17.929+0800	INFO	mysql connect success
2025-11-28T00:22:20.876+0800	INFO	mysql connect success
2025-11-28T00:22:23.906+0800	INFO	mysql connect success
2025-11-28T00:22:31.321+0800	INFO	mysql connect success
2025-11-28T00:22:36.362+0800	ERROR	404 Not Found	{"path": "/api/v1/posts2"}
2025-11-28T00:22:52.781+0800	ERROR	404 Not Found	{"path": "/api/v1/posts2"}
2025-11-28T00:22:53.922+0800	ERROR	404 Not Found	{"path": "/api/v1/posts2"}
2025-11-28T00:23:04.036+0800	ERROR	404 Not Found	{"path": "/api/v1/posts2"}
2025-11-28T00:23:05.228+0800	ERROR	404 Not Found	{"path": "/api/v1/posts2"}
2025-11-28T00:23:05.541+0800	ERROR	404 Not Found	{"path": "/api/v1/posts2"}
2025-11-28T00:23:07.111+0800	ERROR	404 Not Found	{"path": "/api/v1/posts2"}
2025-11-28T00:26:12.600+0800	ERROR	404 Not Found	{"path": "/api/v1/posts2"}
2025-11-28T00:26:12.869+0800	ERROR	404 Not Found	{"path": "/api/v1/posts2"}
2025-11-28T00:26:13.780+0800	ERROR	404 Not Found	{"path": "/api/v1/posts2"}
2025-11-28T00:26:14.816+0800	ERROR	404 Not Found	{"path": "/api/v1/posts2"}
2025-11-28T00:29:18.054+0800	INFO	mysql connect success
2025-11-28T00:29:22.429+0800	INFO	mysql connect success
2025-11-28T00:29:23.075+0800	INFO	mysql connect success
2025-11-28T00:29:34.552+0800	INFO	mysql connect success
2025-11-28T00:29:37.037+0800	INFO	mysql connect success
2025-11-28T00:29:43.748+0800	INFO	mysql connect success
2025-11-28T00:29:45.726+0800	INFO	mysql connect success
2025-11-28T00:29:49.605+0800	INFO	mysql connect success
2025-11-28T00:29:51.134+0800	INFO	mysql connect success
2025-11-28T00:29:58.518+0800	INFO	mysql connect success
2025-11-28T00:32:41.217+0800	INFO	mysql connect success
2025-11-28T00:32:46.170+0800	INFO	mysql connect success
2025-11-28T00:33:02.273+0800	INFO	mysql connect success
2025-11-28T00:33:03.994+0800	INFO	mysql connect success
2025-11-28T00:33:19.011+0800	INFO	mysql connect success
2025-11-28T00:34:02.572+0800	INFO	mysql connect success
2025-11-28T00:34:09.456+0800	INFO	mysql connect success
2025-11-28T00:35:53.629+0800	INFO	mysql connect success
2025-11-28T00:35:54.508+0800	INFO	mysql connect success
2025-11-28T00:36:10.074+0800	INFO	mysql connect success
2025-11-28T00:36:16.240+0800	INFO	mysql connect success
2025-11-28T00:36:30.878+0800	INFO	mysql connect success
2025-11-28T00:38:22.442+0800	ERROR	CreatePostHandler bind json failed	{"error": "Key: 'Post.Title' Error:Field validation for 'Title' failed on the 'required' tag\nKey: 'Post.Content' Error:Field validation for 'Content' failed on the 'required' tag\nKey: 'Post.CommunityID' Error:Field validation for 'CommunityID' failed on the 'required' tag"}
2025-11-28T00:40:26.282+0800	ERROR	CreatePostHandler bind json failed	{"error": "json: cannot unmarshal string into Go struct field Post.community_id of type int64"}
2025-11-28T00:40:33.590+0800	ERROR	get current user id failed	{"error": "userID not found in context"}
2025-11-28T00:42:01.686+0800	INFO	mysql connect success
2025-11-28T00:42:09.268+0800	INFO	mysql connect success
2025-11-28T00:42:13.246+0800	INFO	mysql connect success
2025-11-28T00:42:13.902+0800	INFO	mysql connect success
2025-11-28T00:42:15.492+0800	INFO	mysql connect success
2025-11-28T00:42:22.700+0800	INFO	mysql connect success
2025-11-28T00:42:30.617+0800	INFO	mysql connect success
2025-11-28T00:42:33.499+0800	INFO	mysql connect success
2025-11-28T00:42:36.170+0800	INFO	mysql connect success
2025-11-28T00:42:38.009+0800	INFO	mysql connect success
2025-11-28T00:42:39.295+0800	INFO	mysql connect success
2025-11-28T00:42:43.712+0800	INFO	mysql connect success
2025-11-28T00:42:47.988+0800	INFO	mysql connect success
2025-11-28T00:43:10.169+0800	INFO	mysql connect success
2025-11-28T00:43:28.812+0800	INFO	mysql connect success
2025-11-28T00:43:37.433+0800	INFO	mysql connect success
2025-11-28T00:43:51.640+0800	INFO	mysql connect success
2025-11-28T00:43:53.675+0800	INFO	mysql connect success
2025-11-28T00:44:00.494+0800	INFO	mysql connect success
2025-11-28T00:44:10.429+0800	INFO	mysql connect success
2025-11-28T00:44:20.050+0800	INFO	mysql connect success
2025-11-28T00:44:31.673+0800	ERROR	404 Not Found	{"path": "/api/v1/posts2"}
2025-11-28T00:45:29.476+0800	ERROR	404 Not Found	{"path": "/api/v1/posts2"}
2025-11-28T00:46:45.512+0800	INFO	mysql connect success
2025-11-28T00:46:58.175+0800	INFO	mysql connect success
2025-11-28T00:46:59.916+0800	INFO	mysql connect success
2025-11-28T00:47:22.809+0800	INFO	mysql connect success
2025-11-28T00:47:33.724+0800	INFO	mysql connect success
2025-11-28T00:47:43.881+0800	INFO	mysql connect success
2025-11-28T00:47:46.811+0800	INFO	mysql connect success
2025-11-28T00:47:49.246+0800	INFO	mysql connect success
2025-11-28T00:47:53.763+0800	INFO	mysql connect success
2025-11-28T00:48:27.578+0800	INFO	mysql connect success
2025-11-28T00:48:32.652+0800	INFO	mysql connect success
2025-11-28T00:48:34.942+0800	INFO	mysql connect success
2025-11-28T00:48:43.958+0800	INFO	mysql connect success
2025-11-28T00:48:52.167+0800	INFO	mysql connect success
2025-11-28T00:48:54.039+0800	INFO	mysql connect success
2025-11-28T00:48:57.710+0800	INFO	mysql connect success
2025-11-28T00:49:03.706+0800	INFO	mysql connect success
2025-11-28T00:49:10.233+0800	INFO	mysql connect success
2025-11-28T00:49:12.837+0800	INFO	mysql connect success
2025-11-28T00:49:16.422+0800	INFO	mysql connect success
2025-11-28T00:49:33.203+0800	INFO	mysql connect success
2025-11-28T00:49:53.394+0800	INFO	mysql connect success
2025-11-28T00:50:06.335+0800	INFO	mysql connect success
2025-11-28T00:50:08.593+0800	INFO	mysql connect success
2025-11-28T00:50:18.746+0800	INFO	mysql connect success
2025-11-28T00:51:49.468+0800	ERROR	404 Not Found	{"path": "/post/9674843154812928"}
2025-11-28T00:59:17.141+0800	INFO	mysql connect success
2025-11-28T00:59:20.144+0800	INFO	mysql connect success
2025-11-28T00:59:25.492+0800	INFO	mysql connect success
2025-11-28T00:59:37.082+0800	INFO	mysql connect success
2025-11-28T00:59:39.858+0800	INFO	mysql connect success
2025-11-28T00:59:43.302+0800	INFO	mysql connect success
2025-11-28T00:59:47.226+0800	INFO	mysql connect success
2025-11-28T00:59:53.058+0800	INFO	mysql connect success
2025-11-28T00:59:55.371+0800	INFO	mysql connect success
2025-11-28T00:59:57.982+0800	INFO	mysql connect success
2025-11-28T00:59:59.300+0800	INFO	mysql connect success
2025-11-28T01:00:06.131+0800	INFO	mysql connect success
2025-11-28T01:00:06.762+0800	INFO	mysql connect success
2025-11-28T01:00:32.186+0800	INFO	mysql connect success
2025-11-28T01:00:34.138+0800	INFO	mysql connect success
2025-11-28T01:00:38.359+0800	INFO	mysql connect success
2025-11-28T01:00:39.705+0800	INFO	mysql connect success
2025-11-28T01:00:43.553+0800	INFO	mysql connect success
2025-11-28T01:00:45.090+0800	INFO	mysql connect success
2025-11-28T01:00:51.461+0800	INFO	mysql connect success
2025-11-28T01:00:52.833+0800	INFO	mysql connect success
2025-11-28T01:00:58.962+0800	INFO	mysql connect success
2025-11-28T01:01:00.831+0800	INFO	mysql connect success
2025-11-28T01:01:02.119+0800	INFO	mysql connect success
2025-11-28T01:01:08.330+0800	INFO	mysql connect success
2025-11-28T01:01:12.748+0800	INFO	mysql connect success
2025-11-28T01:01:18.095+0800	INFO	mysql connect success
2025-11-28T01:01:26.271+0800	INFO	mysql connect success
2025-11-28T01:01:34.760+0800	INFO	mysql connect success
2025-11-28T01:01:37.523+0800	INFO	mysql connect success
2025-11-28T01:02:12.771+0800	INFO	mysql connect success
2025-11-28T01:02:18.895+0800	INFO	mysql connect success
2025-11-28T01:02:20.466+0800	INFO	mysql connect success
2025-11-28T01:02:24.269+0800	INFO	mysql connect success
2025-11-28T01:02:26.527+0800	INFO	mysql connect success
2025-11-28T01:02:33.439+0800	INFO	mysql connect success
2025-11-28T01:02:47.575+0800	INFO	mysql connect success
2025-11-28T01:02:49.778+0800	INFO	mysql connect success
2025-11-28T01:03:13.663+0800	INFO	mysql connect success
2025-11-28T01:04:00.594+0800	INFO	mysql connect success
2025-11-28T01:04:05.207+0800	INFO	mysql connect success
2025-11-28T01:04:35.414+0800	INFO	mysql connect success
2025-11-28T01:07:58.393+0800	INFO	mysql connect success
2025-11-28T01:08:05.891+0800	INFO	mysql connect success
2025-11-28T01:08:17.390+0800	INFO	mysql connect success
2025-11-28T01:08:30.461+0800	INFO	mysql connect success
2025-11-28T01:08:37.370+0800	INFO	mysql connect success
2025-11-28T01:08:47.685+0800	INFO	mysql connect success
2025-11-28T01:08:59.441+0800	INFO	mysql connect success
2025-11-28T01:10:57.993+0800	INFO	mysql connect success
2025-11-28T01:11:03.958+0800	INFO	mysql connect success
2025-11-28T01:11:08.024+0800	INFO	mysql connect success
2025-11-28T01:11:08.413+0800	INFO	mysql connect success
2025-11-28T01:11:58.072+0800	INFO	mysql connect success
2025-11-28T01:16:55.208+0800	INFO	mysql connect success
2025-11-28T01:16:56.512+0800	INFO	mysql connect success
2025-11-28T01:17:03.241+0800	INFO	mysql connect success
2025-11-28T01:17:06.672+0800	INFO	mysql connect success
2025-11-28T01:17:25.166+0800	INFO	mysql connect success
2025-11-28T01:17:26.979+0800	INFO	mysql connect success
2025-11-28T01:17:41.321+0800	INFO	mysql connect success
2025-11-28T01:17:43.750+0800	INFO	mysql connect success
2025-11-28T01:17:45.090+0800	INFO	mysql connect success
2025-11-28T01:17:53.766+0800	INFO	mysql connect success
2025-11-28T01:17:56.829+0800	INFO	mysql connect success
2025-11-28T01:18:33.323+0800	INFO	mysql connect success
2025-11-28T01:18:40.383+0800	INFO	mysql connect success
2025-11-28T01:18:47.556+0800	INFO	mysql connect success
2025-11-28T01:19:27.195+0800	INFO	mysql connect success
2025-11-28T01:19:53.846+0800	INFO	mysql connect success
2025-11-28T01:19:55.196+0800	INFO	mysql connect success
2025-11-28T01:19:59.154+0800	INFO	mysql connect success
2025-11-28T01:20:17.382+0800	INFO	mysql connect success
2025-11-28T01:20:25.622+0800	INFO	mysql connect success
2025-11-28T01:20:27.398+0800	INFO	mysql connect success
2025-11-28T01:20:30.194+0800	INFO	mysql connect success
2025-11-28T01:20:54.366+0800	INFO	mysql connect success
2025-11-28T01:21:23.010+0800	INFO	mysql connect success
2025-11-28T01:21:42.546+0800	INFO	mysql connect success
2025-11-28T01:21:44.934+0800	INFO	mysql connect success
2025-11-28T01:21:46.403+0800	INFO	mysql connect success
2025-11-28T01:21:49.888+0800	INFO	mysql connect success
2025-11-28T14:49:19.884+0800	INFO	mysql connect success
2025-11-28T14:49:43.341+0800	ERROR	404 Not Found	{"path": "/"}
2025-11-28T14:49:43.365+0800	ERROR	404 Not Found	{"path": "/favicon.ico"}
2025-11-28T14:50:04.089+0800	ERROR	404 Not Found	{"path": "/api/v1/login"}
2025-11-28T14:50:39.503+0800	ERROR	404 Not Found	{"path": "/login"}
2025-11-28T14:50:59.789+0800	ERROR	404 Not Found	{"path": "/api/v1/login"}
2025-11-28T14:53:20.633+0800	ERROR	404 Not Found	{"path": "/api/v1/posts"}
2025-11-28T14:53:46.140+0800	ERROR	CreatePostHandler bind json failed	{"error": "Key: 'Post.Title' Error:Field validation for 'Title' failed on the 'required' tag\nKey: 'Post.Content' Error:Field validation for 'Content' failed on the 'required' tag\nKey: 'Post.CommunityID' Error:Field validation for 'CommunityID' failed on the 'required' tag"}
2025-11-28T14:56:06.203+0800	ERROR	CreatePostHandler bind json failed	{"error": "Key: 'Post.CommunityID' Error:Field validation for 'CommunityID' failed on the 'required' tag"}
2025-11-28T14:56:23.069+0800	ERROR	CreatePostHandler bind json failed	{"error": "json: cannot unmarshal string into Go struct field Post.community_id of type int64"}
2025-11-28T15:19:07.307+0800	INFO	mysql connect success
